Using pre-set license
Built from '2020.3/release' branch; Version is '2020.3.1f1 (77a89f25062f) revision 7841951'; Using compiler version '192528614'; Build Type 'Release'
OS: 'Windows 10 Pro; OS build 19042.572; Version 2009; 64bit' Language: 'ru' Physical Memory: 8109 MB
BatchMode: 1, IsHumanControllingUs: 0, StartBugReporterOnCrash: 0, Is64bit: 1, IsPro: 0

 COMMAND LINE ARGUMENTS:
C:\Program Files\Unity\Hub\Editor\2020.3.1f1\Editor\Unity.exe
-adb2
-batchMode
-noUpm
-name
AssetImportWorker0
-projectPath
E:/unity/projects/shoot-to-kill
-logFile
Logs/AssetImportWorker0.log
-srvPort
49761
Successfully changed project path to: E:/unity/projects/shoot-to-kill
E:/unity/projects/shoot-to-kill
Using Asset Import Pipeline V2.
Refreshing native plugins compatible for Editor in 58.75 ms, found 0 plugins.
Preloading 0 native plugins for Editor in 0.00 ms.
Initialize engine version: 2020.3.1f1 (77a89f25062f)
[Subsystems] Discovering subsystems at path C:/Program Files/Unity/Hub/Editor/2020.3.1f1/Editor/Data/Resources/UnitySubsystems
[Subsystems] Discovering subsystems at path E:/unity/projects/shoot-to-kill/Assets
GfxDevice: creating device client; threaded=0
Direct3D:
    Version:  Direct3D 11.0 [level 11.0]
    Renderer: NVIDIA GeForce GTX 660 Ti (ID=0x1183)
    Vendor:   
    VRAM:     1998 MB
    Driver:   26.21.14.4187
Initialize mono
Mono path[0] = 'C:/Program Files/Unity/Hub/Editor/2020.3.1f1/Editor/Data/Managed'
Mono path[1] = 'C:/Program Files/Unity/Hub/Editor/2020.3.1f1/Editor/Data/MonoBleedingEdge/lib/mono/unityjit'
Mono config path = 'C:/Program Files/Unity/Hub/Editor/2020.3.1f1/Editor/Data/MonoBleedingEdge/etc'
Using monoOptions --debugger-agent=transport=dt_socket,embedding=1,server=y,suspend=n,address=127.0.0.1:56900
Begin MonoManager ReloadAssembly
Registering precompiled unity dll's ...
Register platform support module: C:/Program Files/Unity/Hub/Editor/2020.3.1f1/Editor/Data/PlaybackEngines/WindowsStandaloneSupport/UnityEditor.WindowsStandalone.Extensions.dll
Registered in 0.002119 seconds.
Native extension for WindowsStandalone target not found
Refreshing native plugins compatible for Editor in 63.88 ms, found 0 plugins.
Preloading 0 native plugins for Editor in 0.00 ms.
Invoked RoslynAnalysisRunner static constructor.
RoslynAnalysisRunner will not be running.
RoslynAnalysisRunner has terminated.
Mono: successfully reloaded assembly
- Completed reload, in  2.443 seconds
Platform modules already initialized, skipping
Registering precompiled user dll's ...
Registered in 0.002252 seconds.
Begin MonoManager ReloadAssembly
Native extension for WindowsStandalone target not found
Refreshing native plugins compatible for Editor in 0.48 ms, found 0 plugins.
Preloading 0 native plugins for Editor in 0.00 ms.
Invoked RoslynAnalysisRunner static constructor.
RoslynAnalysisRunner will not be running.
RoslynAnalysisRunner has terminated.
Mono: successfully reloaded assembly
- Completed reload, in  1.222 seconds
Platform modules already initialized, skipping
========================================================================
Worker process is ready to serve import requests
Launched and connected shader compiler UnityShaderCompiler.exe after 0.04 seconds
Refreshing native plugins compatible for Editor in 0.40 ms, found 0 plugins.
Preloading 0 native plugins for Editor in 0.00 ms.
Unloading 1714 Unused Serialized files (Serialized files now loaded: 0)
System memory in use before: 73.3 MB.
System memory in use after: 73.4 MB.

Unloading 15 unused Assets to reduce memory usage. Loaded Objects now: 2151.
Total: 1.987500 ms (FindLiveObjects: 0.196200 ms CreateObjectMapping: 0.072000 ms MarkObjects: 1.619100 ms  DeleteObjects: 0.098700 ms)

========================================================================
Received Import Request.
  path: Assets/GameModules/Prefabs/Characters/Player.prefab
  artifactKey: Guid(7a90c54a9788b3642981e9690d47053c) Importer(815301076,1909f56bfc062723c751e8b465ee728b)
Start importing Assets/GameModules/Prefabs/Characters/Player.prefab using Guid(7a90c54a9788b3642981e9690d47053c) Importer(815301076,1909f56bfc062723c751e8b465ee728b)  -> (artifact id: '8088de38f2a09255e7ce8ac7a4f4e033') in 0.139395 seconds
  Import took 0.143075 seconds .

========================================================================
Received Import Request.
  Time since last request: 217.007220 seconds.
  path: Assets/GameModules/Scripts/CoreGame/LevelCreator.cs
  artifactKey: Guid(5e564c07de4825c41bf0b5b64e994e61) Importer(815301076,1909f56bfc062723c751e8b465ee728b)
Start importing Assets/GameModules/Scripts/CoreGame/LevelCreator.cs using Guid(5e564c07de4825c41bf0b5b64e994e61) Importer(815301076,1909f56bfc062723c751e8b465ee728b)  -> (artifact id: '00fc949aaa03134d5d59c3e2f57f3ece') in 0.021513 seconds
  Import took 0.025666 seconds .

========================================================================
Received Prepare
Registering precompiled user dll's ...
Registered in 0.002223 seconds.
Begin MonoManager ReloadAssembly
Native extension for WindowsStandalone target not found
Refreshing native plugins compatible for Editor in 0.43 ms, found 0 plugins.
Preloading 0 native plugins for Editor in 0.00 ms.
Invoked RoslynAnalysisRunner static constructor.
RoslynAnalysisRunner will not be running.
RoslynAnalysisRunner has terminated.
Mono: successfully reloaded assembly
- Completed reload, in  1.123 seconds
Platform modules already initialized, skipping
Refreshing native plugins compatible for Editor in 0.44 ms, found 0 plugins.
Preloading 0 native plugins for Editor in 0.00 ms.
Unloading 1707 Unused Serialized files (Serialized files now loaded: 0)
System memory in use before: 76.2 MB.
System memory in use after: 76.3 MB.

Unloading 10 unused Assets to reduce memory usage. Loaded Objects now: 2163.
Total: 2.002700 ms (FindLiveObjects: 0.190000 ms CreateObjectMapping: 0.071000 ms MarkObjects: 1.666700 ms  DeleteObjects: 0.073400 ms)

========================================================================
Received Import Request.
  Time since last request: 14.069670 seconds.
  path: Assets/GameModules/Scripts/CoreGame/CharacterCreator.cs
  artifactKey: Guid(6462ccb8370141240af7eb675cd75c16) Importer(815301076,1909f56bfc062723c751e8b465ee728b)
Start importing Assets/GameModules/Scripts/CoreGame/CharacterCreator.cs using Guid(6462ccb8370141240af7eb675cd75c16) Importer(815301076,1909f56bfc062723c751e8b465ee728b)  -> (artifact id: '08b22dcd86e3d6a35d8aff43e0fef5ff') in 0.023500 seconds
  Import took 0.027430 seconds .

========================================================================
Received Prepare
Registering precompiled user dll's ...
Registered in 0.002270 seconds.
Begin MonoManager ReloadAssembly
Native extension for WindowsStandalone target not found
Refreshing native plugins compatible for Editor in 0.42 ms, found 0 plugins.
Preloading 0 native plugins for Editor in 0.00 ms.
Invoked RoslynAnalysisRunner static constructor.
RoslynAnalysisRunner will not be running.
RoslynAnalysisRunner has terminated.
Mono: successfully reloaded assembly
- Completed reload, in  1.116 seconds
Platform modules already initialized, skipping
Refreshing native plugins compatible for Editor in 0.42 ms, found 0 plugins.
Preloading 0 native plugins for Editor in 0.00 ms.
Unloading 1708 Unused Serialized files (Serialized files now loaded: 0)
System memory in use before: 76.3 MB.
System memory in use after: 76.3 MB.

Unloading 10 unused Assets to reduce memory usage. Loaded Objects now: 2167.
Total: 1.921600 ms (FindLiveObjects: 0.192900 ms CreateObjectMapping: 0.071800 ms MarkObjects: 1.589900 ms  DeleteObjects: 0.065400 ms)

========================================================================
Received Prepare
Registering precompiled user dll's ...
Registered in 0.002991 seconds.
Begin MonoManager ReloadAssembly
Native extension for WindowsStandalone target not found
Refreshing native plugins compatible for Editor in 0.43 ms, found 0 plugins.
Preloading 0 native plugins for Editor in 0.00 ms.
Invoked RoslynAnalysisRunner static constructor.
RoslynAnalysisRunner will not be running.
RoslynAnalysisRunner has terminated.
Mono: successfully reloaded assembly
- Completed reload, in  1.160 seconds
Platform modules already initialized, skipping
Refreshing native plugins compatible for Editor in 0.47 ms, found 0 plugins.
Preloading 0 native plugins for Editor in 0.00 ms.
Unloading 1708 Unused Serialized files (Serialized files now loaded: 0)
System memory in use before: 76.3 MB.
System memory in use after: 76.4 MB.

Unloading 10 unused Assets to reduce memory usage. Loaded Objects now: 2170.
Total: 2.073400 ms (FindLiveObjects: 0.204400 ms CreateObjectMapping: 0.072300 ms MarkObjects: 1.719300 ms  DeleteObjects: 0.075600 ms)

========================================================================
Received Import Request.
  Time since last request: 113.405767 seconds.
  path: Assets/GameModules/Scripts/CoreGame/LevelCreator.cs
  artifactKey: Guid(5e564c07de4825c41bf0b5b64e994e61) Importer(815301076,1909f56bfc062723c751e8b465ee728b)
Start importing Assets/GameModules/Scripts/CoreGame/LevelCreator.cs using Guid(5e564c07de4825c41bf0b5b64e994e61) Importer(815301076,1909f56bfc062723c751e8b465ee728b)  -> (artifact id: '0eb3c621a904cd304e404eef459e78fd') in 0.009714 seconds
  Import took 0.014388 seconds .

========================================================================
Received Prepare
Registering precompiled user dll's ...
Registered in 0.002287 seconds.
Begin MonoManager ReloadAssembly
Native extension for WindowsStandalone target not found
Refreshing native plugins compatible for Editor in 0.42 ms, found 0 plugins.
Preloading 0 native plugins for Editor in 0.00 ms.
Invoked RoslynAnalysisRunner static constructor.
RoslynAnalysisRunner will not be running.
RoslynAnalysisRunner has terminated.
Mono: successfully reloaded assembly
- Completed reload, in  1.105 seconds
Platform modules already initialized, skipping
Refreshing native plugins compatible for Editor in 0.42 ms, found 0 plugins.
Preloading 0 native plugins for Editor in 0.00 ms.
Unloading 1708 Unused Serialized files (Serialized files now loaded: 0)
System memory in use before: 76.3 MB.
System memory in use after: 76.4 MB.

Unloading 10 unused Assets to reduce memory usage. Loaded Objects now: 2173.
Total: 1.929800 ms (FindLiveObjects: 0.193800 ms CreateObjectMapping: 0.071500 ms MarkObjects: 1.592700 ms  DeleteObjects: 0.070300 ms)

========================================================================
Received Import Request.
  Time since last request: 21.328673 seconds.
  path: Assets/GameModules/Scripts/Utility
  artifactKey: Guid(470b9c250fc2be54db97bdf64649ffc2) Importer(815301076,1909f56bfc062723c751e8b465ee728b)
Start importing Assets/GameModules/Scripts/Utility using Guid(470b9c250fc2be54db97bdf64649ffc2) Importer(815301076,1909f56bfc062723c751e8b465ee728b)  -> (artifact id: '9a5d516023ddf1241861ba02f09b9649') in 0.008215 seconds
  Import took 0.012173 seconds .

========================================================================
Received Import Request.
  Time since last request: 23.520013 seconds.
  path: Assets/GameModules/Scripts/Utility/ILoader.cs
  artifactKey: Guid(18d30dea898e5c645bc36462b268c3c3) Importer(815301076,1909f56bfc062723c751e8b465ee728b)
Start importing Assets/GameModules/Scripts/Utility/ILoader.cs using Guid(18d30dea898e5c645bc36462b268c3c3) Importer(815301076,1909f56bfc062723c751e8b465ee728b)  -> (artifact id: 'efa060d44c415acbaf4177bb5479504c') in 0.003714 seconds
  Import took 0.007950 seconds .

========================================================================
Received Prepare
Registering precompiled user dll's ...
Registered in 0.002344 seconds.
Begin MonoManager ReloadAssembly
Native extension for WindowsStandalone target not found
Refreshing native plugins compatible for Editor in 0.42 ms, found 0 plugins.
Preloading 0 native plugins for Editor in 0.00 ms.
Invoked RoslynAnalysisRunner static constructor.
RoslynAnalysisRunner will not be running.
RoslynAnalysisRunner has terminated.
Mono: successfully reloaded assembly
- Completed reload, in  1.124 seconds
Platform modules already initialized, skipping
Refreshing native plugins compatible for Editor in 0.44 ms, found 0 plugins.
Preloading 0 native plugins for Editor in 0.00 ms.
Unloading 1709 Unused Serialized files (Serialized files now loaded: 0)
System memory in use before: 76.3 MB.
System memory in use after: 76.4 MB.

Unloading 10 unused Assets to reduce memory usage. Loaded Objects now: 2177.
Total: 1.949800 ms (FindLiveObjects: 0.192400 ms CreateObjectMapping: 0.071200 ms MarkObjects: 1.613300 ms  DeleteObjects: 0.071400 ms)

========================================================================
Received Import Request.
  Time since last request: 107.556588 seconds.
  path: Assets/GameModules/Scripts/Utility/ILoader.cs
  artifactKey: Guid(18d30dea898e5c645bc36462b268c3c3) Importer(815301076,1909f56bfc062723c751e8b465ee728b)
Start importing Assets/GameModules/Scripts/Utility/ILoader.cs using Guid(18d30dea898e5c645bc36462b268c3c3) Importer(815301076,1909f56bfc062723c751e8b465ee728b)  -> (artifact id: '3fe17161c7a78edaf2d3726ca0dc1e1b') in 0.007148 seconds
  Import took 0.011622 seconds .

========================================================================
Received Prepare
Registering precompiled user dll's ...
Registered in 0.002507 seconds.
Begin MonoManager ReloadAssembly
Native extension for WindowsStandalone target not found
Refreshing native plugins compatible for Editor in 0.43 ms, found 0 plugins.
Preloading 0 native plugins for Editor in 0.00 ms.
Invoked RoslynAnalysisRunner static constructor.
RoslynAnalysisRunner will not be running.
RoslynAnalysisRunner has terminated.
Mono: successfully reloaded assembly
- Completed reload, in  1.126 seconds
Platform modules already initialized, skipping
Refreshing native plugins compatible for Editor in 0.42 ms, found 0 plugins.
Preloading 0 native plugins for Editor in 0.00 ms.
Unloading 1709 Unused Serialized files (Serialized files now loaded: 0)
System memory in use before: 76.3 MB.
System memory in use after: 76.4 MB.

Unloading 10 unused Assets to reduce memory usage. Loaded Objects now: 2180.
Total: 1.960700 ms (FindLiveObjects: 0.199700 ms CreateObjectMapping: 0.072400 ms MarkObjects: 1.615300 ms  DeleteObjects: 0.071500 ms)

========================================================================
Received Import Request.
  Time since last request: 29.397118 seconds.
  path: Assets/GameModules/Scripts/Utility/ILoader.cs
  artifactKey: Guid(18d30dea898e5c645bc36462b268c3c3) Importer(815301076,1909f56bfc062723c751e8b465ee728b)
Start importing Assets/GameModules/Scripts/Utility/ILoader.cs using Guid(18d30dea898e5c645bc36462b268c3c3) Importer(815301076,1909f56bfc062723c751e8b465ee728b)  -> (artifact id: 'd347da9d660ff15ded364e546990532c') in 0.006647 seconds
  Import took 0.010817 seconds .

========================================================================
Received Prepare
Registering precompiled user dll's ...
Registered in 0.002245 seconds.
Begin MonoManager ReloadAssembly
Native extension for WindowsStandalone target not found
Refreshing native plugins compatible for Editor in 0.47 ms, found 0 plugins.
Preloading 0 native plugins for Editor in 0.00 ms.
Invoked RoslynAnalysisRunner static constructor.
RoslynAnalysisRunner will not be running.
RoslynAnalysisRunner has terminated.
Mono: successfully reloaded assembly
- Completed reload, in  1.137 seconds
Platform modules already initialized, skipping
Refreshing native plugins compatible for Editor in 0.42 ms, found 0 plugins.
Preloading 0 native plugins for Editor in 0.00 ms.
Unloading 1709 Unused Serialized files (Serialized files now loaded: 0)
System memory in use before: 76.3 MB.
System memory in use after: 76.4 MB.

Unloading 10 unused Assets to reduce memory usage. Loaded Objects now: 2183.
Total: 2.026300 ms (FindLiveObjects: 0.209900 ms CreateObjectMapping: 0.071300 ms MarkObjects: 1.668300 ms  DeleteObjects: 0.075000 ms)

========================================================================
Received Prepare
Registering precompiled user dll's ...
Registered in 0.002241 seconds.
Begin MonoManager ReloadAssembly
Native extension for WindowsStandalone target not found
Refreshing native plugins compatible for Editor in 0.43 ms, found 0 plugins.
Preloading 0 native plugins for Editor in 0.00 ms.
Invoked RoslynAnalysisRunner static constructor.
RoslynAnalysisRunner will not be running.
RoslynAnalysisRunner has terminated.
Mono: successfully reloaded assembly
- Completed reload, in  1.168 seconds
Platform modules already initialized, skipping
Refreshing native plugins compatible for Editor in 0.42 ms, found 0 plugins.
Preloading 0 native plugins for Editor in 0.00 ms.
Unloading 1709 Unused Serialized files (Serialized files now loaded: 0)
System memory in use before: 76.3 MB.
System memory in use after: 76.4 MB.

Unloading 10 unused Assets to reduce memory usage. Loaded Objects now: 2186.
Total: 1.936100 ms (FindLiveObjects: 0.204500 ms CreateObjectMapping: 0.072300 ms MarkObjects: 1.586000 ms  DeleteObjects: 0.071300 ms)

========================================================================
Received Prepare
Registering precompiled user dll's ...
Registered in 0.002207 seconds.
Begin MonoManager ReloadAssembly
Native extension for WindowsStandalone target not found
Refreshing native plugins compatible for Editor in 0.42 ms, found 0 plugins.
Preloading 0 native plugins for Editor in 0.00 ms.
Invoked RoslynAnalysisRunner static constructor.
RoslynAnalysisRunner will not be running.
RoslynAnalysisRunner has terminated.
Mono: successfully reloaded assembly
- Completed reload, in  1.103 seconds
Platform modules already initialized, skipping
Refreshing native plugins compatible for Editor in 0.44 ms, found 0 plugins.
Preloading 0 native plugins for Editor in 0.00 ms.
Unloading 1709 Unused Serialized files (Serialized files now loaded: 0)
System memory in use before: 76.3 MB.
System memory in use after: 76.4 MB.

Unloading 10 unused Assets to reduce memory usage. Loaded Objects now: 2189.
Total: 2.001900 ms (FindLiveObjects: 0.185100 ms CreateObjectMapping: 0.106400 ms MarkObjects: 1.637300 ms  DeleteObjects: 0.071500 ms)

========================================================================
Received Prepare
Registering precompiled user dll's ...
Registered in 0.002494 seconds.
Begin MonoManager ReloadAssembly
Native extension for WindowsStandalone target not found
Refreshing native plugins compatible for Editor in 0.42 ms, found 0 plugins.
Preloading 0 native plugins for Editor in 0.00 ms.
Invoked RoslynAnalysisRunner static constructor.
RoslynAnalysisRunner will not be running.
RoslynAnalysisRunner has terminated.
Mono: successfully reloaded assembly
- Completed reload, in  1.134 seconds
Platform modules already initialized, skipping
Refreshing native plugins compatible for Editor in 0.43 ms, found 0 plugins.
Preloading 0 native plugins for Editor in 0.00 ms.
Unloading 1709 Unused Serialized files (Serialized files now loaded: 0)
System memory in use before: 76.4 MB.
System memory in use after: 76.4 MB.

Unloading 10 unused Assets to reduce memory usage. Loaded Objects now: 2192.
Total: 3.375800 ms (FindLiveObjects: 0.226500 ms CreateObjectMapping: 1.148700 ms MarkObjects: 1.913700 ms  DeleteObjects: 0.084900 ms)

========================================================================
Received Prepare
Registering precompiled user dll's ...
Registered in 0.002227 seconds.
Begin MonoManager ReloadAssembly
Native extension for WindowsStandalone target not found
Refreshing native plugins compatible for Editor in 0.43 ms, found 0 plugins.
Preloading 0 native plugins for Editor in 0.00 ms.
Invoked RoslynAnalysisRunner static constructor.
RoslynAnalysisRunner will not be running.
RoslynAnalysisRunner has terminated.
Mono: successfully reloaded assembly
- Completed reload, in  1.100 seconds
Platform modules already initialized, skipping
Refreshing native plugins compatible for Editor in 0.41 ms, found 0 plugins.
Preloading 0 native plugins for Editor in 0.00 ms.
Unloading 1709 Unused Serialized files (Serialized files now loaded: 0)
System memory in use before: 76.4 MB.
System memory in use after: 76.4 MB.

Unloading 10 unused Assets to reduce memory usage. Loaded Objects now: 2195.
Total: 2.016600 ms (FindLiveObjects: 0.203400 ms CreateObjectMapping: 0.071500 ms MarkObjects: 1.665600 ms  DeleteObjects: 0.074700 ms)

========================================================================
Received Prepare
Registering precompiled user dll's ...
Registered in 0.002360 seconds.
Begin MonoManager ReloadAssembly
Native extension for WindowsStandalone target not found
Refreshing native plugins compatible for Editor in 0.42 ms, found 0 plugins.
Preloading 0 native plugins for Editor in 0.00 ms.
Invoked RoslynAnalysisRunner static constructor.
RoslynAnalysisRunner will not be running.
RoslynAnalysisRunner has terminated.
Mono: successfully reloaded assembly
- Completed reload, in  1.136 seconds
Platform modules already initialized, skipping
Refreshing native plugins compatible for Editor in 0.42 ms, found 0 plugins.
Preloading 0 native plugins for Editor in 0.00 ms.
Unloading 1709 Unused Serialized files (Serialized files now loaded: 0)
System memory in use before: 76.4 MB.
System memory in use after: 76.5 MB.

Unloading 10 unused Assets to reduce memory usage. Loaded Objects now: 2198.
Total: 2.804300 ms (FindLiveObjects: 0.218200 ms CreateObjectMapping: 0.074300 ms MarkObjects: 2.423100 ms  DeleteObjects: 0.086700 ms)

========================================================================
Received Prepare
Registering precompiled user dll's ...
Registered in 0.003716 seconds.
Begin MonoManager ReloadAssembly
Native extension for WindowsStandalone target not found
Refreshing native plugins compatible for Editor in 0.43 ms, found 0 plugins.
Preloading 0 native plugins for Editor in 0.00 ms.
Invoked RoslynAnalysisRunner static constructor.
RoslynAnalysisRunner will not be running.
RoslynAnalysisRunner has terminated.
Mono: successfully reloaded assembly
- Completed reload, in  1.492 seconds
Platform modules already initialized, skipping
Refreshing native plugins compatible for Editor in 0.45 ms, found 0 plugins.
Preloading 0 native plugins for Editor in 0.00 ms.
Unloading 1709 Unused Serialized files (Serialized files now loaded: 0)
System memory in use before: 76.4 MB.
System memory in use after: 76.5 MB.

Unloading 10 unused Assets to reduce memory usage. Loaded Objects now: 2201.
Total: 2.721900 ms (FindLiveObjects: 0.596600 ms CreateObjectMapping: 0.117400 ms MarkObjects: 1.923900 ms  DeleteObjects: 0.081800 ms)

========================================================================
Received Prepare
Registering precompiled user dll's ...
Registered in 0.002790 seconds.
Begin MonoManager ReloadAssembly
Native extension for WindowsStandalone target not found
Refreshing native plugins compatible for Editor in 0.41 ms, found 0 plugins.
Preloading 0 native plugins for Editor in 0.00 ms.
Invoked RoslynAnalysisRunner static constructor.
RoslynAnalysisRunner will not be running.
RoslynAnalysisRunner has terminated.
Mono: successfully reloaded assembly
- Completed reload, in  1.244 seconds
Platform modules already initialized, skipping
Refreshing native plugins compatible for Editor in 0.43 ms, found 0 plugins.
Preloading 0 native plugins for Editor in 0.00 ms.
Unloading 1709 Unused Serialized files (Serialized files now loaded: 0)
System memory in use before: 76.4 MB.
System memory in use after: 76.5 MB.

Unloading 10 unused Assets to reduce memory usage. Loaded Objects now: 2204.
Total: 2.051200 ms (FindLiveObjects: 0.227000 ms CreateObjectMapping: 0.075600 ms MarkObjects: 1.673900 ms  DeleteObjects: 0.073100 ms)

========================================================================
Received Prepare
Registering precompiled user dll's ...
Registered in 0.002333 seconds.
Begin MonoManager ReloadAssembly
Native extension for WindowsStandalone target not found
Refreshing native plugins compatible for Editor in 0.42 ms, found 0 plugins.
Preloading 0 native plugins for Editor in 0.00 ms.
Invoked RoslynAnalysisRunner static constructor.
RoslynAnalysisRunner will not be running.
RoslynAnalysisRunner has terminated.
Mono: successfully reloaded assembly
- Completed reload, in  1.250 seconds
Platform modules already initialized, skipping
Refreshing native plugins compatible for Editor in 0.42 ms, found 0 plugins.
Preloading 0 native plugins for Editor in 0.00 ms.
Unloading 1709 Unused Serialized files (Serialized files now loaded: 0)
System memory in use before: 76.4 MB.
System memory in use after: 76.5 MB.

Unloading 10 unused Assets to reduce memory usage. Loaded Objects now: 2207.
Total: 4.099200 ms (FindLiveObjects: 0.368900 ms CreateObjectMapping: 0.077900 ms MarkObjects: 3.561100 ms  DeleteObjects: 0.089000 ms)

========================================================================
Received Prepare
Registering precompiled user dll's ...
Registered in 0.002296 seconds.
Begin MonoManager ReloadAssembly
Native extension for WindowsStandalone target not found
Refreshing native plugins compatible for Editor in 0.41 ms, found 0 plugins.
Preloading 0 native plugins for Editor in 0.00 ms.
Invoked RoslynAnalysisRunner static constructor.
RoslynAnalysisRunner will not be running.
RoslynAnalysisRunner has terminated.
Mono: successfully reloaded assembly
- Completed reload, in  1.106 seconds
Platform modules already initialized, skipping
Refreshing native plugins compatible for Editor in 0.44 ms, found 0 plugins.
Preloading 0 native plugins for Editor in 0.00 ms.
Unloading 1709 Unused Serialized files (Serialized files now loaded: 0)
System memory in use before: 76.4 MB.
System memory in use after: 76.5 MB.

Unloading 10 unused Assets to reduce memory usage. Loaded Objects now: 2210.
Total: 2.170800 ms (FindLiveObjects: 0.215700 ms CreateObjectMapping: 0.138000 ms MarkObjects: 1.743700 ms  DeleteObjects: 0.071800 ms)

========================================================================
Received Prepare
Registering precompiled user dll's ...
Registered in 0.002601 seconds.
Begin MonoManager ReloadAssembly
Native extension for WindowsStandalone target not found
Refreshing native plugins compatible for Editor in 0.41 ms, found 0 plugins.
Preloading 0 native plugins for Editor in 0.00 ms.
Invoked RoslynAnalysisRunner static constructor.
RoslynAnalysisRunner will not be running.
RoslynAnalysisRunner has terminated.
Mono: successfully reloaded assembly
- Completed reload, in  1.180 seconds
Platform modules already initialized, skipping
Refreshing native plugins compatible for Editor in 0.42 ms, found 0 plugins.
Preloading 0 native plugins for Editor in 0.00 ms.
Unloading 1709 Unused Serialized files (Serialized files now loaded: 0)
System memory in use before: 76.4 MB.
System memory in use after: 76.5 MB.

Unloading 10 unused Assets to reduce memory usage. Loaded Objects now: 2213.
Total: 2.100300 ms (FindLiveObjects: 0.272300 ms CreateObjectMapping: 0.072100 ms MarkObjects: 1.677600 ms  DeleteObjects: 0.076700 ms)

========================================================================
Received Prepare
Registering precompiled user dll's ...
Registered in 0.002309 seconds.
Begin MonoManager ReloadAssembly
Native extension for WindowsStandalone target not found
Refreshing native plugins compatible for Editor in 0.42 ms, found 0 plugins.
Preloading 0 native plugins for Editor in 0.00 ms.
Invoked RoslynAnalysisRunner static constructor.
RoslynAnalysisRunner will not be running.
RoslynAnalysisRunner has terminated.
Mono: successfully reloaded assembly
- Completed reload, in  1.117 seconds
Platform modules already initialized, skipping
Refreshing native plugins compatible for Editor in 0.42 ms, found 0 plugins.
Preloading 0 native plugins for Editor in 0.00 ms.
Unloading 1709 Unused Serialized files (Serialized files now loaded: 0)
System memory in use before: 76.4 MB.
System memory in use after: 76.5 MB.

Unloading 10 unused Assets to reduce memory usage. Loaded Objects now: 2216.
Total: 1.975600 ms (FindLiveObjects: 0.204700 ms CreateObjectMapping: 0.070400 ms MarkObjects: 1.629600 ms  DeleteObjects: 0.069400 ms)

========================================================================
Received Prepare
Registering precompiled user dll's ...
Registered in 0.002440 seconds.
Begin MonoManager ReloadAssembly
Native extension for WindowsStandalone target not found
Refreshing native plugins compatible for Editor in 0.42 ms, found 0 plugins.
Preloading 0 native plugins for Editor in 0.00 ms.
Invoked RoslynAnalysisRunner static constructor.
RoslynAnalysisRunner will not be running.
RoslynAnalysisRunner has terminated.
Mono: successfully reloaded assembly
- Completed reload, in  1.086 seconds
Platform modules already initialized, skipping
Refreshing native plugins compatible for Editor in 0.43 ms, found 0 plugins.
Preloading 0 native plugins for Editor in 0.00 ms.
Unloading 1709 Unused Serialized files (Serialized files now loaded: 0)
System memory in use before: 76.4 MB.
System memory in use after: 76.5 MB.

Unloading 10 unused Assets to reduce memory usage. Loaded Objects now: 2219.
Total: 2.002300 ms (FindLiveObjects: 0.196800 ms CreateObjectMapping: 0.070800 ms MarkObjects: 1.660800 ms  DeleteObjects: 0.072600 ms)

========================================================================
Received Prepare
Registering precompiled user dll's ...
Registered in 0.002195 seconds.
Begin MonoManager ReloadAssembly
Native extension for WindowsStandalone target not found
Refreshing native plugins compatible for Editor in 0.42 ms, found 0 plugins.
Preloading 0 native plugins for Editor in 0.00 ms.
Invoked RoslynAnalysisRunner static constructor.
RoslynAnalysisRunner will not be running.
RoslynAnalysisRunner has terminated.
Mono: successfully reloaded assembly
- Completed reload, in  1.111 seconds
Platform modules already initialized, skipping
Refreshing native plugins compatible for Editor in 0.42 ms, found 0 plugins.
Preloading 0 native plugins for Editor in 0.00 ms.
Unloading 1709 Unused Serialized files (Serialized files now loaded: 0)
System memory in use before: 76.4 MB.
System memory in use after: 76.5 MB.

Unloading 10 unused Assets to reduce memory usage. Loaded Objects now: 2222.
Total: 2.034400 ms (FindLiveObjects: 0.200400 ms CreateObjectMapping: 0.070400 ms MarkObjects: 1.686400 ms  DeleteObjects: 0.075700 ms)

========================================================================
Received Prepare
Registering precompiled user dll's ...
Registered in 0.002659 seconds.
Begin MonoManager ReloadAssembly
Native extension for WindowsStandalone target not found
Refreshing native plugins compatible for Editor in 0.44 ms, found 0 plugins.
Preloading 0 native plugins for Editor in 0.00 ms.
Invoked RoslynAnalysisRunner static constructor.
RoslynAnalysisRunner will not be running.
RoslynAnalysisRunner has terminated.
Mono: successfully reloaded assembly
- Completed reload, in  1.244 seconds
Platform modules already initialized, skipping
Refreshing native plugins compatible for Editor in 0.52 ms, found 0 plugins.
Preloading 0 native plugins for Editor in 0.00 ms.
Unloading 1709 Unused Serialized files (Serialized files now loaded: 0)
System memory in use before: 76.4 MB.
System memory in use after: 76.5 MB.

Unloading 10 unused Assets to reduce memory usage. Loaded Objects now: 2225.
Total: 2.526800 ms (FindLiveObjects: 0.264400 ms CreateObjectMapping: 0.080100 ms MarkObjects: 2.107000 ms  DeleteObjects: 0.073600 ms)

========================================================================
Received Import Request.
  Time since last request: 5435.050465 seconds.
  path: Assets/GameModules/Resources/DataItems/CharactersCollection.asset
  artifactKey: Guid(56926a85fbef006449897ff2e46ddb80) Importer(815301076,1909f56bfc062723c751e8b465ee728b)
Start importing Assets/GameModules/Resources/DataItems/CharactersCollection.asset using Guid(56926a85fbef006449897ff2e46ddb80) Importer(815301076,1909f56bfc062723c751e8b465ee728b)  -> (artifact id: '2ee862d38814ca5badfc777d7002f69a') in 0.032423 seconds
  Import took 0.036395 seconds .

========================================================================
Received Import Request.
  Time since last request: 1.084517 seconds.
  path: Assets/GameModules/Resources/DataItems/LevelsCollection.asset
  artifactKey: Guid(1f5bf3c4397624b42badb00f1ed6ab51) Importer(815301076,1909f56bfc062723c751e8b465ee728b)
Start importing Assets/GameModules/Resources/DataItems/LevelsCollection.asset using Guid(1f5bf3c4397624b42badb00f1ed6ab51) Importer(815301076,1909f56bfc062723c751e8b465ee728b)  -> (artifact id: '18328bb6ead064db91112402e59f31f1') in 0.022543 seconds
  Import took 0.026353 seconds .

========================================================================
Received Prepare
Registering precompiled user dll's ...
Registered in 0.002262 seconds.
Begin MonoManager ReloadAssembly
Native extension for WindowsStandalone target not found
Refreshing native plugins compatible for Editor in 0.42 ms, found 0 plugins.
Preloading 0 native plugins for Editor in 0.00 ms.
Invoked RoslynAnalysisRunner static constructor.
RoslynAnalysisRunner will not be running.
RoslynAnalysisRunner has terminated.
Mono: successfully reloaded assembly
- Completed reload, in  1.116 seconds
Platform modules already initialized, skipping
Refreshing native plugins compatible for Editor in 0.44 ms, found 0 plugins.
Preloading 0 native plugins for Editor in 0.00 ms.
Unloading 1709 Unused Serialized files (Serialized files now loaded: 0)
System memory in use before: 76.4 MB.
System memory in use after: 76.5 MB.

Unloading 10 unused Assets to reduce memory usage. Loaded Objects now: 2228.
Total: 2.202100 ms (FindLiveObjects: 0.222700 ms CreateObjectMapping: 0.077200 ms MarkObjects: 1.829900 ms  DeleteObjects: 0.070700 ms)

========================================================================
Received Prepare
Registering precompiled user dll's ...
Registered in 0.002278 seconds.
Begin MonoManager ReloadAssembly
Native extension for WindowsStandalone target not found
Refreshing native plugins compatible for Editor in 0.42 ms, found 0 plugins.
Preloading 0 native plugins for Editor in 0.00 ms.
Invoked RoslynAnalysisRunner static constructor.
RoslynAnalysisRunner will not be running.
RoslynAnalysisRunner has terminated.
Mono: successfully reloaded assembly
- Completed reload, in  1.104 seconds
Platform modules already initialized, skipping
Refreshing native plugins compatible for Editor in 0.45 ms, found 0 plugins.
Preloading 0 native plugins for Editor in 0.00 ms.
Unloading 1709 Unused Serialized files (Serialized files now loaded: 0)
System memory in use before: 76.4 MB.
System memory in use after: 76.5 MB.

Unloading 10 unused Assets to reduce memory usage. Loaded Objects now: 2231.
Total: 2.480300 ms (FindLiveObjects: 0.290700 ms CreateObjectMapping: 0.073700 ms MarkObjects: 2.039100 ms  DeleteObjects: 0.074600 ms)

========================================================================
Received Prepare
Registering precompiled user dll's ...
Registered in 0.002302 seconds.
Begin MonoManager ReloadAssembly
Native extension for WindowsStandalone target not found
Refreshing native plugins compatible for Editor in 0.42 ms, found 0 plugins.
Preloading 0 native plugins for Editor in 0.00 ms.
Invoked RoslynAnalysisRunner static constructor.
RoslynAnalysisRunner will not be running.
RoslynAnalysisRunner has terminated.
Mono: successfully reloaded assembly
- Completed reload, in  1.115 seconds
Platform modules already initialized, skipping
Refreshing native plugins compatible for Editor in 0.42 ms, found 0 plugins.
Preloading 0 native plugins for Editor in 0.00 ms.
Unloading 1709 Unused Serialized files (Serialized files now loaded: 0)
System memory in use before: 76.5 MB.
System memory in use after: 76.6 MB.

Unloading 10 unused Assets to reduce memory usage. Loaded Objects now: 2234.
Total: 2.045300 ms (FindLiveObjects: 0.206600 ms CreateObjectMapping: 0.071600 ms MarkObjects: 1.694000 ms  DeleteObjects: 0.071600 ms)

========================================================================
Received Prepare
Registering precompiled user dll's ...
Registered in 0.002236 seconds.
Begin MonoManager ReloadAssembly
Native extension for WindowsStandalone target not found
Refreshing native plugins compatible for Editor in 0.42 ms, found 0 plugins.
Preloading 0 native plugins for Editor in 0.00 ms.
Invoked RoslynAnalysisRunner static constructor.
RoslynAnalysisRunner will not be running.
RoslynAnalysisRunner has terminated.
Mono: successfully reloaded assembly
- Completed reload, in  1.101 seconds
Platform modules already initialized, skipping
Refreshing native plugins compatible for Editor in 0.45 ms, found 0 plugins.
Preloading 0 native plugins for Editor in 0.00 ms.
Unloading 1709 Unused Serialized files (Serialized files now loaded: 0)
System memory in use before: 76.5 MB.
System memory in use after: 76.6 MB.

Unloading 10 unused Assets to reduce memory usage. Loaded Objects now: 2237.
Total: 2.153000 ms (FindLiveObjects: 0.201200 ms CreateObjectMapping: 0.071500 ms MarkObjects: 1.800100 ms  DeleteObjects: 0.078400 ms)

